In getSight()
HCANN000001: Hibernate Commons Annotations {4.0.5.Final}
HHH000412: Hibernate Core {4.3.11.Final}
HHH000206: hibernate.properties not found
HHH000021: Bytecode provider name : javassist
HHH000043: Configuring from resource: /hibernate.cfg.xml
HHH000040: Configuration resource: /hibernate.cfg.xml
HHH000041: Configured SessionFactory: null
HHH000402: Using Hibernate built-in connection pool (not for production use!)
HHH000401: using driver [com.mysql.jdbc.Driver] at URL [jdbc:mysql://localhost:3306/ssr?useSSL=false]
HHH000046: Connection properties: {user=root, password=****}
HHH000006: Autocommit mode: false
HHH000115: Hibernate connection pool size: 20 (min=1)
HHH000400: Using dialect: org.hibernate.dialect.MySQL5Dialect
HHH000399: Using default transaction strategy (direct JDBC transactions)
HHH000397: Using ASTQueryTranslatorFactory
In updateSight()
In getSight()
In getSight()
HCANN000001: Hibernate Commons Annotations {4.0.5.Final}
HHH000412: Hibernate Core {4.3.11.Final}
HHH000206: hibernate.properties not found
HHH000021: Bytecode provider name : javassist
HHH000043: Configuring from resource: /hibernate.cfg.xml
HHH000040: Configuration resource: /hibernate.cfg.xml
HHH000041: Configured SessionFactory: null
HHH000402: Using Hibernate built-in connection pool (not for production use!)
HHH000401: using driver [com.mysql.jdbc.Driver] at URL [jdbc:mysql://localhost:3306/ssr?useSSL=false]
HHH000046: Connection properties: {user=root, password=****}
HHH000006: Autocommit mode: false
HHH000115: Hibernate connection pool size: 20 (min=1)
HHH000400: Using dialect: org.hibernate.dialect.MySQL5Dialect
HHH000399: Using default transaction strategy (direct JDBC transactions)
HHH000397: Using ASTQueryTranslatorFactory
In getSight()
HCANN000001: Hibernate Commons Annotations {4.0.5.Final}
HHH000412: Hibernate Core {4.3.11.Final}
HHH000206: hibernate.properties not found
HHH000021: Bytecode provider name : javassist
HHH000043: Configuring from resource: /hibernate.cfg.xml
HHH000040: Configuration resource: /hibernate.cfg.xml
HHH000041: Configured SessionFactory: null
HHH000402: Using Hibernate built-in connection pool (not for production use!)
HHH000401: using driver [com.mysql.jdbc.Driver] at URL [jdbc:mysql://localhost:3306/ssr?useSSL=false]
HHH000046: Connection properties: {user=root, password=****}
HHH000006: Autocommit mode: false
HHH000115: Hibernate connection pool size: 20 (min=1)
HHH000400: Using dialect: org.hibernate.dialect.MySQL5Dialect
HHH000399: Using default transaction strategy (direct JDBC transactions)
HHH000397: Using ASTQueryTranslatorFactory
In getSight()
HCANN000001: Hibernate Commons Annotations {4.0.5.Final}
HHH000412: Hibernate Core {4.3.11.Final}
HHH000206: hibernate.properties not found
HHH000021: Bytecode provider name : javassist
HHH000043: Configuring from resource: /hibernate.cfg.xml
HHH000040: Configuration resource: /hibernate.cfg.xml
HHH000041: Configured SessionFactory: null
HHH000402: Using Hibernate built-in connection pool (not for production use!)
HHH000401: using driver [com.mysql.jdbc.Driver] at URL [jdbc:mysql://localhost:3306/ssr?useSSL=false]
HHH000046: Connection properties: {user=root, password=****}
HHH000006: Autocommit mode: false
HHH000115: Hibernate connection pool size: 20 (min=1)
HHH000400: Using dialect: org.hibernate.dialect.MySQL5Dialect
HHH000399: Using default transaction strategy (direct JDBC transactions)
HHH000397: Using ASTQueryTranslatorFactory
In updateSight()
In getSight()
HCANN000001: Hibernate Commons Annotations {4.0.5.Final}
HHH000412: Hibernate Core {4.3.11.Final}
HHH000206: hibernate.properties not found
HHH000021: Bytecode provider name : javassist
HHH000043: Configuring from resource: /hibernate.cfg.xml
HHH000040: Configuration resource: /hibernate.cfg.xml
HHH000041: Configured SessionFactory: null
HHH000402: Using Hibernate built-in connection pool (not for production use!)
HHH000401: using driver [com.mysql.jdbc.Driver] at URL [jdbc:mysql://localhost:3306/ssr?useSSL=false]
HHH000046: Connection properties: {user=root, password=****}
HHH000006: Autocommit mode: false
HHH000115: Hibernate connection pool size: 20 (min=1)
HHH000400: Using dialect: org.hibernate.dialect.MySQL5Dialect
HHH000399: Using default transaction strategy (direct JDBC transactions)
HHH000397: Using ASTQueryTranslatorFactory
In updateSight()
In getSight()
In getSight()
HCANN000001: Hibernate Commons Annotations {4.0.5.Final}
HHH000412: Hibernate Core {4.3.11.Final}
HHH000206: hibernate.properties not found
HHH000021: Bytecode provider name : javassist
HHH000043: Configuring from resource: /hibernate.cfg.xml
HHH000040: Configuration resource: /hibernate.cfg.xml
HHH000041: Configured SessionFactory: null
HHH000402: Using Hibernate built-in connection pool (not for production use!)
HHH000401: using driver [com.mysql.jdbc.Driver] at URL [jdbc:mysql://localhost:3306/ssr?useSSL=false]
HHH000046: Connection properties: {user=root, password=****}
HHH000006: Autocommit mode: false
HHH000115: Hibernate connection pool size: 20 (min=1)
HHH000400: Using dialect: org.hibernate.dialect.MySQL5Dialect
HHH000399: Using default transaction strategy (direct JDBC transactions)
HHH000397: Using ASTQueryTranslatorFactory
In updateSight()
In getSight()
In getSight()
HCANN000001: Hibernate Commons Annotations {4.0.5.Final}
HHH000412: Hibernate Core {4.3.11.Final}
HHH000206: hibernate.properties not found
HHH000021: Bytecode provider name : javassist
HHH000043: Configuring from resource: /hibernate.cfg.xml
HHH000040: Configuration resource: /hibernate.cfg.xml
HHH000041: Configured SessionFactory: null
HHH000402: Using Hibernate built-in connection pool (not for production use!)
HHH000401: using driver [com.mysql.jdbc.Driver] at URL [jdbc:mysql://localhost:3306/ssr?useSSL=false]
HHH000046: Connection properties: {user=root, password=****}
HHH000006: Autocommit mode: false
HHH000115: Hibernate connection pool size: 20 (min=1)
HHH000400: Using dialect: org.hibernate.dialect.MySQL5Dialect
HHH000399: Using default transaction strategy (direct JDBC transactions)
HHH000397: Using ASTQueryTranslatorFactory
In updateSight()
In getSight()
In updateSight()
In addSight()
HCANN000001: Hibernate Commons Annotations {4.0.5.Final}
HHH000412: Hibernate Core {4.3.11.Final}
HHH000206: hibernate.properties not found
HHH000021: Bytecode provider name : javassist
HHH000043: Configuring from resource: /hibernate.cfg.xml
HHH000040: Configuration resource: /hibernate.cfg.xml
HHH000041: Configured SessionFactory: null
HHH000402: Using Hibernate built-in connection pool (not for production use!)
HHH000401: using driver [com.mysql.jdbc.Driver] at URL [jdbc:mysql://localhost:3306/ssr?useSSL=false]
HHH000046: Connection properties: {user=root, password=****}
HHH000006: Autocommit mode: false
HHH000115: Hibernate connection pool size: 20 (min=1)
HHH000400: Using dialect: org.hibernate.dialect.MySQL5Dialect
HHH000399: Using default transaction strategy (direct JDBC transactions)
HHH000397: Using ASTQueryTranslatorFactory
2
In addSight()
HCANN000001: Hibernate Commons Annotations {4.0.5.Final}
HHH000412: Hibernate Core {4.3.11.Final}
HHH000206: hibernate.properties not found
HHH000021: Bytecode provider name : javassist
HHH000043: Configuring from resource: /hibernate.cfg.xml
HHH000040: Configuration resource: /hibernate.cfg.xml
HHH000041: Configured SessionFactory: null
HHH000402: Using Hibernate built-in connection pool (not for production use!)
HHH000401: using driver [com.mysql.jdbc.Driver] at URL [jdbc:mysql://localhost:3306/ssr?useSSL=false]
HHH000046: Connection properties: {user=root, password=****}
HHH000006: Autocommit mode: false
HHH000115: Hibernate connection pool size: 20 (min=1)
HHH000400: Using dialect: org.hibernate.dialect.MySQL5Dialect
HHH000399: Using default transaction strategy (direct JDBC transactions)
HHH000397: Using ASTQueryTranslatorFactory
In deleteSight()
In getSight()
In addUser()
HCANN000001: Hibernate Commons Annotations {4.0.5.Final}
HHH000412: Hibernate Core {4.3.11.Final}
HHH000206: hibernate.properties not found
HHH000021: Bytecode provider name : javassist
HHH000043: Configuring from resource: /hibernate.cfg.xml
HHH000040: Configuration resource: /hibernate.cfg.xml
HHH000041: Configured SessionFactory: null
HHH000402: Using Hibernate built-in connection pool (not for production use!)
HHH000401: using driver [com.mysql.jdbc.Driver] at URL [jdbc:mysql://localhost:3306/ssr?useSSL=false]
HHH000046: Connection properties: {user=root, password=****}
HHH000006: Autocommit mode: false
HHH000115: Hibernate connection pool size: 20 (min=1)
HHH000400: Using dialect: org.hibernate.dialect.MySQL5Dialect
HHH000399: Using default transaction strategy (direct JDBC transactions)
HHH000397: Using ASTQueryTranslatorFactory
In deleteUser()
In getUser()
In getAllUsers()
In getUser()
In addUser()
In getUser()
In updateUser()
In getUser()
In updateUser()
In getUser()
In getUser()
In deleteUser()
In addUser()
In getUser()
In deleteUser()
In getUser()
In addUser()
In deleteUser()
In getUser()
In getUser()
In addUser()
HCANN000001: Hibernate Commons Annotations {4.0.5.Final}
HHH000412: Hibernate Core {4.3.11.Final}
HHH000206: hibernate.properties not found
HHH000021: Bytecode provider name : javassist
HHH000043: Configuring from resource: /hibernate.cfg.xml
HHH000040: Configuration resource: /hibernate.cfg.xml
HHH000041: Configured SessionFactory: null
HHH000402: Using Hibernate built-in connection pool (not for production use!)
HHH000401: using driver [com.mysql.jdbc.Driver] at URL [jdbc:mysql://localhost:3306/ssr?useSSL=false]
HHH000046: Connection properties: {user=root, password=****}
HHH000006: Autocommit mode: false
HHH000115: Hibernate connection pool size: 20 (min=1)
HHH000400: Using dialect: org.hibernate.dialect.MySQL5Dialect
HHH000399: Using default transaction strategy (direct JDBC transactions)
HHH000397: Using ASTQueryTranslatorFactory
In getUser()
In deleteUser()
In addUser()
HCANN000001: Hibernate Commons Annotations {4.0.5.Final}
HHH000412: Hibernate Core {4.3.11.Final}
HHH000206: hibernate.properties not found
HHH000021: Bytecode provider name : javassist
HHH000043: Configuring from resource: /hibernate.cfg.xml
HHH000040: Configuration resource: /hibernate.cfg.xml
HHH000041: Configured SessionFactory: null
HHH000402: Using Hibernate built-in connection pool (not for production use!)
HHH000401: using driver [com.mysql.jdbc.Driver] at URL [jdbc:mysql://localhost:3306/ssr?useSSL=false]
HHH000046: Connection properties: {user=root, password=****}
HHH000006: Autocommit mode: false
HHH000115: Hibernate connection pool size: 20 (min=1)
HHH000400: Using dialect: org.hibernate.dialect.MySQL5Dialect
HHH000399: Using default transaction strategy (direct JDBC transactions)
HHH000397: Using ASTQueryTranslatorFactory
In addUser()
HCANN000001: Hibernate Commons Annotations {4.0.5.Final}
HHH000412: Hibernate Core {4.3.11.Final}
HHH000206: hibernate.properties not found
HHH000021: Bytecode provider name : javassist
HHH000043: Configuring from resource: /hibernate.cfg.xml
HHH000040: Configuration resource: /hibernate.cfg.xml
HHH000041: Configured SessionFactory: null
HHH000402: Using Hibernate built-in connection pool (not for production use!)
HHH000401: using driver [com.mysql.jdbc.Driver] at URL [jdbc:mysql://localhost:3306/ssr?useSSL=false]
HHH000046: Connection properties: {user=root, password=****}
HHH000006: Autocommit mode: false
HHH000115: Hibernate connection pool size: 20 (min=1)
HHH000400: Using dialect: org.hibernate.dialect.MySQL5Dialect
HHH000399: Using default transaction strategy (direct JDBC transactions)
HHH000397: Using ASTQueryTranslatorFactory
In deleteUser()
HCANN000001: Hibernate Commons Annotations {4.0.5.Final}
HHH000412: Hibernate Core {4.3.11.Final}
HHH000206: hibernate.properties not found
HHH000021: Bytecode provider name : javassist
HHH000043: Configuring from resource: /hibernate.cfg.xml
HHH000040: Configuration resource: /hibernate.cfg.xml
HHH000041: Configured SessionFactory: null
HHH000402: Using Hibernate built-in connection pool (not for production use!)
HHH000401: using driver [com.mysql.jdbc.Driver] at URL [jdbc:mysql://localhost:3306/ssr?useSSL=false]
HHH000046: Connection properties: {user=root, password=****}
HHH000006: Autocommit mode: false
HHH000115: Hibernate connection pool size: 20 (min=1)
HHH000400: Using dialect: org.hibernate.dialect.MySQL5Dialect
HHH000399: Using default transaction strategy (direct JDBC transactions)
HHH000397: Using ASTQueryTranslatorFactory
In getUser()
In addUser()
HCANN000001: Hibernate Commons Annotations {4.0.5.Final}
HHH000412: Hibernate Core {4.3.11.Final}
HHH000206: hibernate.properties not found
HHH000021: Bytecode provider name : javassist
HHH000043: Configuring from resource: /hibernate.cfg.xml
HHH000040: Configuration resource: /hibernate.cfg.xml
HHH000041: Configured SessionFactory: null
HHH000402: Using Hibernate built-in connection pool (not for production use!)
HHH000401: using driver [com.mysql.jdbc.Driver] at URL [jdbc:mysql://localhost:3306/ssr?useSSL=false]
HHH000046: Connection properties: {user=root, password=****}
HHH000006: Autocommit mode: false
HHH000115: Hibernate connection pool size: 20 (min=1)
HHH000400: Using dialect: org.hibernate.dialect.MySQL5Dialect
HHH000399: Using default transaction strategy (direct JDBC transactions)
HHH000397: Using ASTQueryTranslatorFactory
In deleteUser()
In getUser()
In getUser()
In deleteUser()
In getAllZones()
HCANN000001: Hibernate Commons Annotations {4.0.5.Final}
HHH000412: Hibernate Core {4.3.11.Final}
HHH000206: hibernate.properties not found
HHH000021: Bytecode provider name : javassist
HHH000043: Configuring from resource: /hibernate.cfg.xml
HHH000040: Configuration resource: /hibernate.cfg.xml
HHH000041: Configured SessionFactory: null
HHH000402: Using Hibernate built-in connection pool (not for production use!)
HHH000401: using driver [com.mysql.jdbc.Driver] at URL [jdbc:mysql://localhost:3306/ssr?useSSL=false]
HHH000046: Connection properties: {user=root, password=****}
HHH000006: Autocommit mode: false
HHH000115: Hibernate connection pool size: 20 (min=1)
HHH000400: Using dialect: org.hibernate.dialect.MySQL5Dialect
HHH000399: Using default transaction strategy (direct JDBC transactions)
HHH000397: Using ASTQueryTranslatorFactory
In getZone()
HCANN000001: Hibernate Commons Annotations {4.0.5.Final}
HHH000412: Hibernate Core {4.3.11.Final}
HHH000206: hibernate.properties not found
HHH000021: Bytecode provider name : javassist
HHH000043: Configuring from resource: /hibernate.cfg.xml
HHH000040: Configuration resource: /hibernate.cfg.xml
HHH000041: Configured SessionFactory: null
HHH000402: Using Hibernate built-in connection pool (not for production use!)
HHH000401: using driver [com.mysql.jdbc.Driver] at URL [jdbc:mysql://localhost:3306/ssr?useSSL=false]
HHH000046: Connection properties: {user=root, password=****}
HHH000006: Autocommit mode: false
HHH000115: Hibernate connection pool size: 20 (min=1)
HHH000400: Using dialect: org.hibernate.dialect.MySQL5Dialect
HHH000399: Using default transaction strategy (direct JDBC transactions)
HHH000397: Using ASTQueryTranslatorFactory
In getAllZones()
HCANN000001: Hibernate Commons Annotations {4.0.5.Final}
HHH000412: Hibernate Core {4.3.11.Final}
HHH000206: hibernate.properties not found
HHH000021: Bytecode provider name : javassist
HHH000043: Configuring from resource: /hibernate.cfg.xml
HHH000040: Configuration resource: /hibernate.cfg.xml
HHH000041: Configured SessionFactory: null
HHH000402: Using Hibernate built-in connection pool (not for production use!)
HHH000401: using driver [com.mysql.jdbc.Driver] at URL [jdbc:mysql://localhost:3306/ssr?useSSL=false]
HHH000046: Connection properties: {user=root, password=****}
HHH000006: Autocommit mode: false
HHH000115: Hibernate connection pool size: 20 (min=1)
HHH000400: Using dialect: org.hibernate.dialect.MySQL5Dialect
HHH000399: Using default transaction strategy (direct JDBC transactions)
HHH000397: Using ASTQueryTranslatorFactory
In getZone()
In addSight()
HCANN000001: Hibernate Commons Annotations {4.0.5.Final}
HHH000412: Hibernate Core {4.3.11.Final}
HHH000206: hibernate.properties not found
HHH000021: Bytecode provider name : javassist
HHH000043: Configuring from resource: /hibernate.cfg.xml
HHH000040: Configuration resource: /hibernate.cfg.xml
HHH000041: Configured SessionFactory: null
HHH000402: Using Hibernate built-in connection pool (not for production use!)
HHH000401: using driver [com.mysql.jdbc.Driver] at URL [jdbc:mysql://localhost:3306/ssr?useSSL=false]
HHH000046: Connection properties: {user=root, password=****}
HHH000006: Autocommit mode: false
HHH000115: Hibernate connection pool size: 20 (min=1)
HHH000400: Using dialect: org.hibernate.dialect.MySQL5Dialect
HHH000399: Using default transaction strategy (direct JDBC transactions)
HHH000397: Using ASTQueryTranslatorFactory
In addSight()
In addSight()
In addSight()
In getSight()
In deleteSight()
In addSight()
HCANN000001: Hibernate Commons Annotations {4.0.5.Final}
HHH000412: Hibernate Core {4.3.11.Final}
HHH000206: hibernate.properties not found
HHH000021: Bytecode provider name : javassist
HHH000043: Configuring from resource: /hibernate.cfg.xml
HHH000040: Configuration resource: /hibernate.cfg.xml
HHH000041: Configured SessionFactory: null
HHH000402: Using Hibernate built-in connection pool (not for production use!)
HHH000401: using driver [com.mysql.jdbc.Driver] at URL [jdbc:mysql://localhost:3306/ssr?useSSL=false]
HHH000046: Connection properties: {user=root, password=****}
HHH000006: Autocommit mode: false
HHH000115: Hibernate connection pool size: 20 (min=1)
HHH000400: Using dialect: org.hibernate.dialect.MySQL5Dialect
HHH000399: Using default transaction strategy (direct JDBC transactions)
HHH000397: Using ASTQueryTranslatorFactory
In addSight()
In addSight()
In getSight()
In updateSight()
In getSight()
In addSight()
HCANN000001: Hibernate Commons Annotations {4.0.5.Final}
HHH000412: Hibernate Core {4.3.11.Final}
HHH000206: hibernate.properties not found
HHH000021: Bytecode provider name : javassist
HHH000043: Configuring from resource: /hibernate.cfg.xml
HHH000040: Configuration resource: /hibernate.cfg.xml
HHH000041: Configured SessionFactory: null
HHH000402: Using Hibernate built-in connection pool (not for production use!)
HHH000401: using driver [com.mysql.jdbc.Driver] at URL [jdbc:mysql://localhost:3306/ssr?useSSL=false]
HHH000046: Connection properties: {user=root, password=****}
HHH000006: Autocommit mode: false
HHH000115: Hibernate connection pool size: 20 (min=1)
HHH000400: Using dialect: org.hibernate.dialect.MySQL5Dialect
HHH000399: Using default transaction strategy (direct JDBC transactions)
HHH000397: Using ASTQueryTranslatorFactory
In addSight()
In addSight()
In getSight()
In updateSight()
In getSight()
In updateSight()
In addSight()
HCANN000001: Hibernate Commons Annotations {4.0.5.Final}
HHH000412: Hibernate Core {4.3.11.Final}
HHH000206: hibernate.properties not found
HHH000021: Bytecode provider name : javassist
HHH000043: Configuring from resource: /hibernate.cfg.xml
HHH000040: Configuration resource: /hibernate.cfg.xml
HHH000041: Configured SessionFactory: null
HHH000402: Using Hibernate built-in connection pool (not for production use!)
HHH000401: using driver [com.mysql.jdbc.Driver] at URL [jdbc:mysql://localhost:3306/ssr?useSSL=false]
HHH000046: Connection properties: {user=root, password=****}
HHH000006: Autocommit mode: false
HHH000115: Hibernate connection pool size: 20 (min=1)
HHH000400: Using dialect: org.hibernate.dialect.MySQL5Dialect
HHH000399: Using default transaction strategy (direct JDBC transactions)
HHH000397: Using ASTQueryTranslatorFactory
In addSight()
In addSight()
In addSight()
In getSight()
In deleteSight()
In deleteSight()
In deleteSight()
In deleteSight()
In addSight()
In addSight()
In addSight()
In addSight()
In deleteSight()
In getSight()
In deleteSight()
In deleteSight()
In deleteSight()
In addSight()
In addSight()
In addSight()
In getSight()
In updateSight()
In getSight()
In updateSight()
In deleteSight()
In deleteSight()
In deleteSight()
In addSight()
In addSight()
In addSight()
In getAllSights()
In deleteSight()
In deleteSight()
In deleteSight()
In addSight()
In addSight()
In addSight()
In getSight()
In deleteSight()
In deleteSight()
In deleteSight()
In addSight()
HCANN000001: Hibernate Commons Annotations {4.0.5.Final}
HHH000412: Hibernate Core {4.3.11.Final}
HHH000206: hibernate.properties not found
HHH000021: Bytecode provider name : javassist
HHH000043: Configuring from resource: /hibernate.cfg.xml
HHH000040: Configuration resource: /hibernate.cfg.xml
HHH000041: Configured SessionFactory: null
HHH000402: Using Hibernate built-in connection pool (not for production use!)
HHH000401: using driver [com.mysql.jdbc.Driver] at URL [jdbc:mysql://localhost:3306/ssr?useSSL=false]
HHH000046: Connection properties: {user=root, password=****}
HHH000006: Autocommit mode: false
HHH000115: Hibernate connection pool size: 20 (min=1)
HHH000400: Using dialect: org.hibernate.dialect.MySQL5Dialect
HHH000399: Using default transaction strategy (direct JDBC transactions)
HHH000397: Using ASTQueryTranslatorFactory
In addSight()
In addSight()
In addSight()
In getSight()
In deleteSight()
In deleteSight()
In deleteSight()
In deleteSight()
In addSight()
In addSight()
In addSight()
In addSight()
In deleteSight()
In getSight()
In deleteSight()
In deleteSight()
In deleteSight()
In addSight()
In addSight()
In addSight()
In getSight()
In updateSight()
In getSight()
In updateSight()
In deleteSight()
In deleteSight()
In deleteSight()
In addSight()
In addSight()
In addSight()
In getAllSights()
In deleteSight()
In deleteSight()
In deleteSight()
In addSight()
In addSight()
In addSight()
In getSight()
In deleteSight()
In deleteSight()
In deleteSight()
In addSight()
HCANN000001: Hibernate Commons Annotations {4.0.5.Final}
HHH000412: Hibernate Core {4.3.11.Final}
HHH000206: hibernate.properties not found
HHH000021: Bytecode provider name : javassist
HHH000043: Configuring from resource: /hibernate.cfg.xml
HHH000040: Configuration resource: /hibernate.cfg.xml
HHH000041: Configured SessionFactory: null
HHH000402: Using Hibernate built-in connection pool (not for production use!)
HHH000401: using driver [com.mysql.jdbc.Driver] at URL [jdbc:mysql://localhost:3306/ssr?useSSL=false]
HHH000046: Connection properties: {user=root, password=****}
HHH000006: Autocommit mode: false
HHH000115: Hibernate connection pool size: 20 (min=1)
HHH000400: Using dialect: org.hibernate.dialect.MySQL5Dialect
HHH000399: Using default transaction strategy (direct JDBC transactions)
HHH000397: Using ASTQueryTranslatorFactory
In addSight()
In addSight()
In addSight()
In getSight()
In deleteSight()
In deleteSight()
In deleteSight()
In deleteSight()
In addSight()
In addSight()
In addSight()
In addSight()
In deleteSight()
In getSight()
In deleteSight()
In deleteSight()
In deleteSight()
In addSight()
In addSight()
In addSight()
In getSight()
In updateSight()
In getSight()
In updateSight()
In deleteSight()
In deleteSight()
In deleteSight()
In addSight()
In addSight()
In addSight()
In getAllSights()
In deleteSight()
In deleteSight()
In deleteSight()
In addSight()
In addSight()
In addSight()
In getSight()
In deleteSight()
In deleteSight()
In deleteSight()
In addUser()
HCANN000001: Hibernate Commons Annotations {4.0.5.Final}
HHH000412: Hibernate Core {4.3.11.Final}
HHH000206: hibernate.properties not found
HHH000021: Bytecode provider name : javassist
HHH000043: Configuring from resource: /hibernate.cfg.xml
HHH000040: Configuration resource: /hibernate.cfg.xml
HHH000041: Configured SessionFactory: null
HHH000402: Using Hibernate built-in connection pool (not for production use!)
HHH000401: using driver [com.mysql.jdbc.Driver] at URL [jdbc:mysql://localhost:3306/ssr?useSSL=false]
HHH000046: Connection properties: {user=root, password=****}
HHH000006: Autocommit mode: false
HHH000115: Hibernate connection pool size: 20 (min=1)
HHH000400: Using dialect: org.hibernate.dialect.MySQL5Dialect
HHH000399: Using default transaction strategy (direct JDBC transactions)
HHH000397: Using ASTQueryTranslatorFactory
In getUser()
In deleteUser()
In getAllUsers()
In getUser()
In addUser()
In getUser()
In updateUser()
In getUser()
In updateUser()
In getUser()
In getUser()
In deleteUser()
In addUser()
In getUser()
In deleteUser()
In getUser()
In addUser()
In deleteUser()
In getUser()
In getUser()
In getAllZones()
HCANN000001: Hibernate Commons Annotations {4.0.5.Final}
HHH000412: Hibernate Core {4.3.11.Final}
HHH000206: hibernate.properties not found
HHH000021: Bytecode provider name : javassist
HHH000043: Configuring from resource: /hibernate.cfg.xml
HHH000040: Configuration resource: /hibernate.cfg.xml
HHH000041: Configured SessionFactory: null
HHH000402: Using Hibernate built-in connection pool (not for production use!)
HHH000401: using driver [com.mysql.jdbc.Driver] at URL [jdbc:mysql://localhost:3306/ssr?useSSL=false]
HHH000046: Connection properties: {user=root, password=****}
HHH000006: Autocommit mode: false
HHH000115: Hibernate connection pool size: 20 (min=1)
HHH000400: Using dialect: org.hibernate.dialect.MySQL5Dialect
HHH000399: Using default transaction strategy (direct JDBC transactions)
HHH000397: Using ASTQueryTranslatorFactory
In getZone()
In getAllZones()
HCANN000001: Hibernate Commons Annotations {4.0.5.Final}
HHH000412: Hibernate Core {4.3.11.Final}
HHH000206: hibernate.properties not found
HHH000021: Bytecode provider name : javassist
HHH000043: Configuring from resource: /hibernate.cfg.xml
HHH000040: Configuration resource: /hibernate.cfg.xml
HHH000041: Configured SessionFactory: null
HHH000402: Using Hibernate built-in connection pool (not for production use!)
HHH000401: using driver [com.mysql.jdbc.Driver] at URL [jdbc:mysql://localhost:3306/ssr?useSSL=false]
HHH000046: Connection properties: {user=root, password=****}
HHH000006: Autocommit mode: false
HHH000115: Hibernate connection pool size: 20 (min=1)
HHH000400: Using dialect: org.hibernate.dialect.MySQL5Dialect
HHH000399: Using default transaction strategy (direct JDBC transactions)
HHH000397: Using ASTQueryTranslatorFactory
In getZone()
In addSight()
HCANN000001: Hibernate Commons Annotations {4.0.5.Final}
HHH000412: Hibernate Core {4.3.11.Final}
HHH000206: hibernate.properties not found
HHH000021: Bytecode provider name : javassist
HHH000043: Configuring from resource: /hibernate.cfg.xml
HHH000040: Configuration resource: /hibernate.cfg.xml
HHH000041: Configured SessionFactory: null
HHH000402: Using Hibernate built-in connection pool (not for production use!)
HHH000401: using driver [com.mysql.jdbc.Driver] at URL [jdbc:mysql://localhost:3306/ssr?useSSL=false]
HHH000046: Connection properties: {user=root, password=****}
HHH000006: Autocommit mode: false
HHH000115: Hibernate connection pool size: 20 (min=1)
HHH000400: Using dialect: org.hibernate.dialect.MySQL5Dialect
HHH000399: Using default transaction strategy (direct JDBC transactions)
HHH000397: Using ASTQueryTranslatorFactory
In addSight()
In addSight()
In addSight()
In getSight()
In deleteSight()
In deleteSight()
In deleteSight()
In deleteSight()
In addSight()
In addSight()
In addSight()
In addSight()
In deleteSight()
In getSight()
In deleteSight()
In deleteSight()
In deleteSight()
In addSight()
In addSight()
In addSight()
In getSight()
In updateSight()
In getSight()
In updateSight()
In deleteSight()
In deleteSight()
In deleteSight()
In addSight()
In addSight()
In addSight()
In getAllSights()
In deleteSight()
In deleteSight()
In deleteSight()
In addSight()
In addSight()
In addSight()
In getSight()
In deleteSight()
In deleteSight()
In deleteSight()
In addUser()
In getUser()
In deleteUser()
In getAllUsers()
In getUser()
In addUser()
In getUser()
In updateUser()
In getUser()
In updateUser()
In getUser()
In getUser()
In deleteUser()
In addUser()
In getUser()
In deleteUser()
In getUser()
In addUser()
In deleteUser()
In getUser()
In getUser()
In getAllZones()
In getZone()
In addSight()
HCANN000001: Hibernate Commons Annotations {4.0.5.Final}
HHH000412: Hibernate Core {4.3.11.Final}
HHH000206: hibernate.properties not found
HHH000021: Bytecode provider name : javassist
HHH000043: Configuring from resource: /hibernate.cfg.xml
HHH000040: Configuration resource: /hibernate.cfg.xml
HHH000041: Configured SessionFactory: null
HHH000402: Using Hibernate built-in connection pool (not for production use!)
HHH000401: using driver [com.mysql.jdbc.Driver] at URL [jdbc:mysql://localhost:3306/ssr?useSSL=false]
HHH000046: Connection properties: {user=root, password=****}
HHH000006: Autocommit mode: false
HHH000115: Hibernate connection pool size: 20 (min=1)
HHH000400: Using dialect: org.hibernate.dialect.MySQL5Dialect
HHH000399: Using default transaction strategy (direct JDBC transactions)
HHH000397: Using ASTQueryTranslatorFactory
In addSight()
In addSight()
In addSight()
In getSight()
In deleteSight()
In deleteSight()
In deleteSight()
In deleteSight()
In addSight()
In addSight()
In addSight()
In addSight()
In deleteSight()
In getSight()
In deleteSight()
In deleteSight()
In deleteSight()
In addSight()
In addSight()
In addSight()
In getSight()
In updateSight()
In getSight()
In updateSight()
In deleteSight()
In deleteSight()
In deleteSight()
In addSight()
In addSight()
In addSight()
In getAllSights()
In deleteSight()
In deleteSight()
In deleteSight()
In addSight()
In addSight()
In addSight()
In getSight()
In deleteSight()
In deleteSight()
In deleteSight()
In addUser()
In getUser()
In deleteUser()
In getAllUsers()
In getUser()
In addUser()
In getUser()
In updateUser()
In getUser()
In updateUser()
In getUser()
In getUser()
In deleteUser()
In addUser()
In getUser()
In deleteUser()
In getUser()
In addUser()
In deleteUser()
In getUser()
In getUser()
In getAllZones()
In getZone()
